ID do Sistema Peça, ID do Sistema Subsídio, Status, Mensagem
302179, 770722, Sucesso, Atualização bem-sucedida.
302179, 793744, Sucesso, Atualização bem-sucedida.
302179, 998352, Sucesso, Atualização bem-sucedida.
302179, 998355, Sucesso, Atualização bem-sucedida.
302179, 998369, Sucesso, Atualização bem-sucedida.
302179, 998373, Sucesso, Atualização bem-sucedida.
302179, 998375, Sucesso, Atualização bem-sucedida.
302179, 998376, Sucesso, Atualização bem-sucedida.
302179, 998460, Sucesso, Atualização bem-sucedida.
302179, 998954, Sucesso, Atualização bem-sucedida.
302179, 998963, Sucesso, Atualização bem-sucedida.
302179, 998966, Sucesso, Atualização bem-sucedida.
302179, 998973, Sucesso, Atualização bem-sucedida.
302179, 999005, Sucesso, Atualização bem-sucedida.
302179, 999117, Sucesso, Atualização bem-sucedida.
302179, 999121, Sucesso, Atualização bem-sucedida.
302179, 999273, Sucesso, Atualização bem-sucedida.
302179, 999276, Sucesso, Atualização bem-sucedida.
302179, 999329, Sucesso, Atualização bem-sucedida.
302179, 999332, Sucesso, Atualização bem-sucedida.
302179, 999341, Sucesso, Atualização bem-sucedida.
302179, 999344, Sucesso, Atualização bem-sucedida.
302179, 1000258, Sucesso, Atualização bem-sucedida.
302179, 1000262, Sucesso, Atualização bem-sucedida.
302179, 1000535, Sucesso, Atualização bem-sucedida.
302179, 1000568, Sucesso, Atualização bem-sucedida.
302179, 1034182, Sucesso, Atualização bem-sucedida.
302179, 1207983, Sucesso, Atualização bem-sucedida.
302179, 1208000, Sucesso, Atualização bem-sucedida.
302179, 1293856, Sucesso, Atualização bem-sucedida.
302179, 1293858, Sucesso, Atualização bem-sucedida.
302179, 1293988, Sucesso, Atualização bem-sucedida.
302179, 1293989, Sucesso, Atualização bem-sucedida.
302179, 1458284, Sucesso, Atualização bem-sucedida.
302179, 1458322, Sucesso, Atualização bem-sucedida.
302179, 1476245, Sucesso, Atualização bem-sucedida.
302179, 1476356, Sucesso, Atualização bem-sucedida.
302179, 1476364, Sucesso, Atualização bem-sucedida.
302179, 1562591, Sucesso, Atualização bem-sucedida.
302179, 1562604, Sucesso, Atualização bem-sucedida.
302179, 1562605, Sucesso, Atualização bem-sucedida.
302179, 1562606, Sucesso, Atualização bem-sucedida.
302179, 1568807, Sucesso, Atualização bem-sucedida.
302179, 1749065, Sucesso, Atualização bem-sucedida.
302179, 1751686, Sucesso, Atualização bem-sucedida.
302179, 1754000, Sucesso, Atualização bem-sucedida.
302179, 2515579, Sucesso, Atualização bem-sucedida.
302179, 3449613, Sucesso, Atualização bem-sucedida.
302741, 302567, Sucesso, Atualização bem-sucedida.
302741, 302599, Sucesso, Atualização bem-sucedida.
302741, 302617, Sucesso, Atualização bem-sucedida.
302741, 1972342, Sucesso, Atualização bem-sucedida.
302741, 3191873, Sucesso, Atualização bem-sucedida.
302741, 4298445, Sucesso, Atualização bem-sucedida.
302741, 4724449, Sucesso, Atualização bem-sucedida.
302741, 4724452, Sucesso, Atualização bem-sucedida.
302741, 4724453, Sucesso, Atualização bem-sucedida.
303358, 3335502, Sucesso, Atualização bem-sucedida.
303358, 4708630, Sucesso, Atualização bem-sucedida.
303420, 2079226, Sucesso, Atualização bem-sucedida.
303420, 3335492, Sucesso, Atualização bem-sucedida.
303420, 4708642, Sucesso, Atualização bem-sucedida.
303420, 4708643, Sucesso, Atualização bem-sucedida.
303658, 303660, Sucesso, Atualização bem-sucedida.
303730, 303756, Sucesso, Atualização bem-sucedida.
303730, 3192208, Sucesso, Atualização bem-sucedida.
303730, 4724457, Sucesso, Atualização bem-sucedida.
304990, 312850, Sucesso, Atualização bem-sucedida.
304990, 2960799, Sucesso, Atualização bem-sucedida.
304990, 2960912, Sucesso, Atualização bem-sucedida.
304990, 4538752, Sucesso, Atualização bem-sucedida.
304990, 4538753, Sucesso, Atualização bem-sucedida.
304990, 4538755, Sucesso, Atualização bem-sucedida.
305036, 306429, Sucesso, Atualização bem-sucedida.
305036, 2077518, Sucesso, Atualização bem-sucedida.
305036, 2077519, Sucesso, Atualização bem-sucedida.
305036, 2077521, Sucesso, Atualização bem-sucedida.
305036, 4771595, Sucesso, Atualização bem-sucedida.
305036, 4771596, Sucesso, Atualização bem-sucedida.
305669, 305673, Sucesso, Atualização bem-sucedida.
305669, 305675, Sucesso, Atualização bem-sucedida.
305669, 305702, Sucesso, Atualização bem-sucedida.
305669, 316365, Sucesso, Atualização bem-sucedida.
305718, 313252, Sucesso, Atualização bem-sucedida.
305718, 649512, Sucesso, Atualização bem-sucedida.
305718, 2077578, Sucesso, Atualização bem-sucedida.
305718, 4433216, Sucesso, Atualização bem-sucedida.
305854, 2077839, Sucesso, Atualização bem-sucedida.
305854, 2077846, Sucesso, Atualização bem-sucedida.
305854, 2077857, Sucesso, Atualização bem-sucedida.
305926, 2077921, Sucesso, Atualização bem-sucedida.
305999, 308729, Sucesso, Atualização bem-sucedida.
305999, 1764591, Sucesso, Atualização bem-sucedida.
305999, 1768169, Sucesso, Atualização bem-sucedida.
305999, 2771422, Sucesso, Atualização bem-sucedida.
305999, 2771424, Sucesso, Atualização bem-sucedida.
305999, 7131937, Sucesso, Atualização bem-sucedida.
306296, 306302, Sucesso, Atualização bem-sucedida.
306296, 306312, Sucesso, Atualização bem-sucedida.
306296, 506531, Sucesso, Atualização bem-sucedida.
306296, 5155406, Sucesso, Atualização bem-sucedida.
306708, 306728, Sucesso, Atualização bem-sucedida.
306708, 306730, Sucesso, Atualização bem-sucedida.
306708, 413765, Sucesso, Atualização bem-sucedida.
306708, 2986163, Sucesso, Atualização bem-sucedida.
306708, 4691838, Sucesso, Atualização bem-sucedida.
307099, 306444, Sucesso, Atualização bem-sucedida.
307099, 307131, Sucesso, Atualização bem-sucedida.
307099, 307154, Sucesso, Atualização bem-sucedida.
307099, 4711072, Sucesso, Atualização bem-sucedida.
307121, 306350, Sucesso, Atualização bem-sucedida.
307121, 307139, Sucesso, Atualização bem-sucedida.
307121, 307153, Sucesso, Atualização bem-sucedida.
307121, 307182, Sucesso, Atualização bem-sucedida.
307196, 320998, Sucesso, Atualização bem-sucedida.
307196, 2098317, Sucesso, Atualização bem-sucedida.
307196, 2098319, Sucesso, Atualização bem-sucedida.
307196, 2098322, Sucesso, Atualização bem-sucedida.
307196, 6183159, Sucesso, Atualização bem-sucedida.
309545, 309580, Sucesso, Atualização bem-sucedida.
309545, 309592, Sucesso, Atualização bem-sucedida.
309545, 309622, Sucesso, Atualização bem-sucedida.
309545, 366476, Sucesso, Atualização bem-sucedida.
309545, 5312517, Sucesso, Atualização bem-sucedida.
310457, 310470, Sucesso, Atualização bem-sucedida.
310457, 310476, Sucesso, Atualização bem-sucedida.
310457, 795401, Sucesso, Atualização bem-sucedida.
310457, 795411, Sucesso, Atualização bem-sucedida.
310457, 3194234, Sucesso, Atualização bem-sucedida.
310907, 310908, Sucesso, Atualização bem-sucedida.
310907, 310909, Sucesso, Atualização bem-sucedida.
310907, 1663028, Sucesso, Atualização bem-sucedida.
310918, 310919, Sucesso, Atualização bem-sucedida.
310918, 1663056, Sucesso, Atualização bem-sucedida.
310918, 3257225, Sucesso, Atualização bem-sucedida.
310962, 305317, Sucesso, Atualização bem-sucedida.
310962, 310968, Sucesso, Atualização bem-sucedida.
310962, 310971, Sucesso, Atualização bem-sucedida.
310962, 2669636, Sucesso, Atualização bem-sucedida.
310962, 2669637, Sucesso, Atualização bem-sucedida.
310962, 4934286, Sucesso, Atualização bem-sucedida.
310998, 305319, Sucesso, Atualização bem-sucedida.
310998, 311001, Sucesso, Atualização bem-sucedida.
310998, 311003, Sucesso, Atualização bem-sucedida.
310998, 1671095, Sucesso, Atualização bem-sucedida.
310998, 2669638, Sucesso, Atualização bem-sucedida.
310998, 2669639, Sucesso, Atualização bem-sucedida.
310998, 4934286, Sucesso, Atualização bem-sucedida.
311353, 1413318, Sucesso, Atualização bem-sucedida.
311353, 3893153, Sucesso, Atualização bem-sucedida.
311353, 4744893, Sucesso, Atualização bem-sucedida.
311401, 1413340, Sucesso, Atualização bem-sucedida.
311401, 3893154, Sucesso, Atualização bem-sucedida.
311401, 4744894, Sucesso, Atualização bem-sucedida.
311700, 312393, Sucesso, Atualização bem-sucedida.
311700, 315879, Sucesso, Atualização bem-sucedida.
311700, 315882, Sucesso, Atualização bem-sucedida.
311700, 3793454, Sucesso, Atualização bem-sucedida.
311700, 4910890, Sucesso, Atualização bem-sucedida.
312726, 312738, Sucesso, Atualização bem-sucedida.
312726, 365958, Sucesso, Atualização bem-sucedida.
312726, 365961, Sucesso, Atualização bem-sucedida.
313237, 313241, Sucesso, Atualização bem-sucedida.
313237, 313245, Sucesso, Atualização bem-sucedida.
313237, 313250, Sucesso, Atualização bem-sucedida.
313237, 2668667, Sucesso, Atualização bem-sucedida.
313334, 2078914, Sucesso, Atualização bem-sucedida.
313334, 2078915, Sucesso, Atualização bem-sucedida.
313334, 2078917, Sucesso, Atualização bem-sucedida.
313334, 2078920, Sucesso, Atualização bem-sucedida.
313334, 2078926, Sucesso, Atualização bem-sucedida.
313845, 2079122, Sucesso, Atualização bem-sucedida.
313845, 2079123, Sucesso, Atualização bem-sucedida.
313845, 2079124, Sucesso, Atualização bem-sucedida.
313845, 2079126, Sucesso, Atualização bem-sucedida.
313845, 2079128, Sucesso, Atualização bem-sucedida.
313994, 2078824, Sucesso, Atualização bem-sucedida.
313994, 2078827, Sucesso, Atualização bem-sucedida.
313994, 2079061, Sucesso, Atualização bem-sucedida.
314065, 2079029, Sucesso, Atualização bem-sucedida.
314065, 2079033, Sucesso, Atualização bem-sucedida.
314065, 2079037, Sucesso, Atualização bem-sucedida.
314065, 2079039, Sucesso, Atualização bem-sucedida.
314183, 2078831, Sucesso, Atualização bem-sucedida.
314183, 2078833, Sucesso, Atualização bem-sucedida.
314183, 2078835, Sucesso, Atualização bem-sucedida.
314183, 2078838, Sucesso, Atualização bem-sucedida.
314183, 2078841, Sucesso, Atualização bem-sucedida.
314188, 309356, Sucesso, Atualização bem-sucedida.
314188, 314202, Sucesso, Atualização bem-sucedida.
314188, 1513436, Sucesso, Atualização bem-sucedida.
314188, 1513437, Sucesso, Atualização bem-sucedida.
314360, 309352, Sucesso, Atualização bem-sucedida.
314360, 314359, Sucesso, Atualização bem-sucedida.
314360, 1513453, Sucesso, Atualização bem-sucedida.
314360, 1513454, Sucesso, Atualização bem-sucedida.
314376, 2078898, Sucesso, Atualização bem-sucedida.
314376, 2078899, Sucesso, Atualização bem-sucedida.
314376, 2079751, Sucesso, Atualização bem-sucedida.
314413, 2078963, Sucesso, Atualização bem-sucedida.
314413, 2078966, Sucesso, Atualização bem-sucedida.
314413, 2078967, Sucesso, Atualização bem-sucedida.
314413, 2078968, Sucesso, Atualização bem-sucedida.
314413, 2078970, Sucesso, Atualização bem-sucedida.
314517, 2079355, Sucesso, Atualização bem-sucedida.
314517, 2079357, Sucesso, Atualização bem-sucedida.
314517, 2079359, Sucesso, Atualização bem-sucedida.
314517, 2079361, Sucesso, Atualização bem-sucedida.
314517, 2079362, Sucesso, Atualização bem-sucedida.
314572, 2078810, Sucesso, Atualização bem-sucedida.
314572, 2078811, Sucesso, Atualização bem-sucedida.
314572, 2078813, Sucesso, Atualização bem-sucedida.
314621, 2078938, Sucesso, Atualização bem-sucedida.
314621, 2078939, Sucesso, Atualização bem-sucedida.
314621, 2078941, Sucesso, Atualização bem-sucedida.
314621, 2078944, Sucesso, Atualização bem-sucedida.
314621, 2078945, Sucesso, Atualização bem-sucedida.
314790, 309347, Sucesso, Atualização bem-sucedida.
314790, 314791, Sucesso, Atualização bem-sucedida.
314790, 1513457, Sucesso, Atualização bem-sucedida.
314807, 309343, Sucesso, Atualização bem-sucedida.
314807, 314808, Sucesso, Atualização bem-sucedida.
314807, 1513460, Sucesso, Atualização bem-sucedida.
314807, 1513461, Sucesso, Atualização bem-sucedida.
314821, 2079299, Sucesso, Atualização bem-sucedida.
314821, 2079300, Sucesso, Atualização bem-sucedida.
314821, 2079303, Sucesso, Atualização bem-sucedida.
314821, 2079305, Sucesso, Atualização bem-sucedida.
314821, 2079307, Sucesso, Atualização bem-sucedida.
314879, 309340, Sucesso, Atualização bem-sucedida.
314879, 314888, Sucesso, Atualização bem-sucedida.
314879, 314895, Sucesso, Atualização bem-sucedida.
314879, 1513464, Sucesso, Atualização bem-sucedida.
314879, 1513465, Sucesso, Atualização bem-sucedida.
314896, 2078992, Sucesso, Atualização bem-sucedida.
314896, 2078993, Sucesso, Atualização bem-sucedida.
314896, 2078995, Sucesso, Atualização bem-sucedida.
314923, 2079330, Sucesso, Atualização bem-sucedida.
314923, 2079332, Sucesso, Atualização bem-sucedida.
314923, 2079333, Sucesso, Atualização bem-sucedida.
314923, 2079334, Sucesso, Atualização bem-sucedida.
314923, 2079335, Sucesso, Atualização bem-sucedida.
314945, 309337, Sucesso, Atualização bem-sucedida.
314945, 314949, Sucesso, Atualização bem-sucedida.
314945, 1513470, Sucesso, Atualização bem-sucedida.
314945, 1513471, Sucesso, Atualização bem-sucedida.
315015, 309202, Sucesso, Atualização bem-sucedida.
315015, 315021, Sucesso, Atualização bem-sucedida.
315015, 1513472, Sucesso, Atualização bem-sucedida.
315015, 1513474, Sucesso, Atualização bem-sucedida.
315115, 309191, Sucesso, Atualização bem-sucedida.
315115, 315123, Sucesso, Atualização bem-sucedida.
315115, 1513475, Sucesso, Atualização bem-sucedida.
315115, 1513476, Sucesso, Atualização bem-sucedida.
315323, 309175, Sucesso, Atualização bem-sucedida.
315323, 1513477, Sucesso, Atualização bem-sucedida.
315323, 1513478, Sucesso, Atualização bem-sucedida.
315323, 1513479, Sucesso, Atualização bem-sucedida.
315444, 309166, Sucesso, Atualização bem-sucedida.
315444, 315454, Sucesso, Atualização bem-sucedida.
315444, 1513480, Sucesso, Atualização bem-sucedida.
315444, 1513481, Sucesso, Atualização bem-sucedida.
316086, 316081, Sucesso, Atualização bem-sucedida.
316086, 1747582, Sucesso, Atualização bem-sucedida.
316086, 1747583, Sucesso, Atualização bem-sucedida.
316086, 1747585, Sucesso, Atualização bem-sucedida.
316086, 3196853, Sucesso, Atualização bem-sucedida.
316384, 316390, Sucesso, Atualização bem-sucedida.
316384, 316396, Sucesso, Atualização bem-sucedida.
316384, 316398, Sucesso, Atualização bem-sucedida.
316384, 321574, Sucesso, Atualização bem-sucedida.
316384, 347664, Sucesso, Atualização bem-sucedida.
316384, 883485, Sucesso, Atualização bem-sucedida.
316384, 3265697, Sucesso, Atualização bem-sucedida.
316407, 316413, Sucesso, Atualização bem-sucedida.
316407, 321580, Sucesso, Atualização bem-sucedida.
316407, 347666, Sucesso, Atualização bem-sucedida.
316407, 883494, Sucesso, Atualização bem-sucedida.
316407, 3265697, Sucesso, Atualização bem-sucedida.
316407, 5145064, Sucesso, Atualização bem-sucedida.
316407, 5145140, Sucesso, Atualização bem-sucedida.
316407, 5145291, Sucesso, Atualização bem-sucedida.
316407, 5327009, Sucesso, Atualização bem-sucedida.
316407, 5327010, Sucesso, Atualização bem-sucedida.
316416, 316430, Sucesso, Atualização bem-sucedida.
316416, 316432, Sucesso, Atualização bem-sucedida.
316416, 883504, Sucesso, Atualização bem-sucedida.
316416, 3265697, Sucesso, Atualização bem-sucedida.
316416, 5144900, Sucesso, Atualização bem-sucedida.
316416, 5144911, Sucesso, Atualização bem-sucedida.
316436, 316437, Sucesso, Atualização bem-sucedida.
316436, 316438, Sucesso, Atualização bem-sucedida.
316436, 316439, Sucesso, Atualização bem-sucedida.
316436, 321586, Sucesso, Atualização bem-sucedida.
316436, 883519, Sucesso, Atualização bem-sucedida.
316436, 3265697, Sucesso, Atualização bem-sucedida.
316440, 316448, Sucesso, Atualização bem-sucedida.
316440, 316450, Sucesso, Atualização bem-sucedida.
316440, 316451, Sucesso, Atualização bem-sucedida.
316440, 316452, Sucesso, Atualização bem-sucedida.
316440, 3265697, Sucesso, Atualização bem-sucedida.
317512, 5265898, Sucesso, Atualização bem-sucedida.
317524, 317525, Sucesso, Atualização bem-sucedida.
317524, 317529, Sucesso, Atualização bem-sucedida.
317524, 317532, Sucesso, Atualização bem-sucedida.
317524, 747373, Sucesso, Atualização bem-sucedida.
317524, 2775576, Sucesso, Atualização bem-sucedida.
317803, 302211, Sucesso, Atualização bem-sucedida.
317803, 317856, Sucesso, Atualização bem-sucedida.
317803, 317869, Sucesso, Atualização bem-sucedida.
320423, 320430, Sucesso, Atualização bem-sucedida.
320423, 320440, Sucesso, Atualização bem-sucedida.
320423, 320446, Sucesso, Atualização bem-sucedida.
320423, 320456, Sucesso, Atualização bem-sucedida.
320423, 5373192, Sucesso, Atualização bem-sucedida.
320556, 320566, Sucesso, Atualização bem-sucedida.
320556, 320575, Sucesso, Atualização bem-sucedida.
320556, 320583, Sucesso, Atualização bem-sucedida.
320556, 320602, Sucesso, Atualização bem-sucedida.
320556, 320610, Sucesso, Atualização bem-sucedida.
320556, 5373202, Sucesso, Atualização bem-sucedida.
320752, 320759, Sucesso, Atualização bem-sucedida.
320752, 320764, Sucesso, Atualização bem-sucedida.
320752, 320771, Sucesso, Atualização bem-sucedida.
320752, 320777, Sucesso, Atualização bem-sucedida.
320752, 320782, Sucesso, Atualização bem-sucedida.
320752, 330494, Sucesso, Atualização bem-sucedida.
320752, 330503, Sucesso, Atualização bem-sucedida.
320752, 5373222, Sucesso, Atualização bem-sucedida.
320765, 320638, Sucesso, Atualização bem-sucedida.
320765, 320706, Sucesso, Atualização bem-sucedida.
320765, 1650870, Sucesso, Atualização bem-sucedida.
320889, 320894, Sucesso, Atualização bem-sucedida.
320889, 320897, Sucesso, Atualização bem-sucedida.
320889, 320900, Sucesso, Atualização bem-sucedida.
320889, 320904, Sucesso, Atualização bem-sucedida.
320889, 320906, Sucesso, Atualização bem-sucedida.
321250, 321255, Sucesso, Atualização bem-sucedida.
321250, 321257, Sucesso, Atualização bem-sucedida.
321250, 321266, Sucesso, Atualização bem-sucedida.
321250, 321289, Sucesso, Atualização bem-sucedida.
321250, 321295, Sucesso, Atualização bem-sucedida.
321362, 321364, Sucesso, Atualização bem-sucedida.
321362, 321368, Sucesso, Atualização bem-sucedida.
321362, 321376, Sucesso, Atualização bem-sucedida.
321362, 321379, Sucesso, Atualização bem-sucedida.
321362, 5373270, Sucesso, Atualização bem-sucedida.
321936, 321992, Sucesso, Atualização bem-sucedida.
321936, 322005, Sucesso, Atualização bem-sucedida.
321936, 322017, Sucesso, Atualização bem-sucedida.
321936, 322023, Sucesso, Atualização bem-sucedida.
322170, 322180, Sucesso, Atualização bem-sucedida.
322170, 322205, Sucesso, Atualização bem-sucedida.
322170, 322216, Sucesso, Atualização bem-sucedida.
322170, 322224, Sucesso, Atualização bem-sucedida.
322781, 322786, Sucesso, Atualização bem-sucedida.
322781, 322788, Sucesso, Atualização bem-sucedida.
322781, 322798, Sucesso, Atualização bem-sucedida.
322781, 322803, Sucesso, Atualização bem-sucedida.
322836, 322847, Sucesso, Atualização bem-sucedida.
322836, 322850, Sucesso, Atualização bem-sucedida.
322836, 322863, Sucesso, Atualização bem-sucedida.
322836, 322868, Sucesso, Atualização bem-sucedida.
322836, 322871, Sucesso, Atualização bem-sucedida.
322949, 322963, Sucesso, Atualização bem-sucedida.
322949, 322965, Sucesso, Atualização bem-sucedida.
322949, 322973, Sucesso, Atualização bem-sucedida.
322949, 322974, Sucesso, Atualização bem-sucedida.
323065, 323069, Sucesso, Atualização bem-sucedida.
323065, 323073, Sucesso, Atualização bem-sucedida.
323065, 323082, Sucesso, Atualização bem-sucedida.
323065, 323090, Sucesso, Atualização bem-sucedida.
323218, 323224, Sucesso, Atualização bem-sucedida.
323218, 323233, Sucesso, Atualização bem-sucedida.
323218, 323235, Sucesso, Atualização bem-sucedida.
323218, 323242, Sucesso, Atualização bem-sucedida.
323218, 323248, Sucesso, Atualização bem-sucedida.
323218, 5373368, Sucesso, Atualização bem-sucedida.
323511, 323637, Sucesso, Atualização bem-sucedida.
323511, 323658, Sucesso, Atualização bem-sucedida.
323511, 323665, Sucesso, Atualização bem-sucedida.
323511, 323667, Sucesso, Atualização bem-sucedida.
323511, 323675, Sucesso, Atualização bem-sucedida.
323708, 323710, Sucesso, Atualização bem-sucedida.
323708, 325028, Sucesso, Atualização bem-sucedida.
323708, 325030, Sucesso, Atualização bem-sucedida.
323708, 325032, Sucesso, Atualização bem-sucedida.
325035, 325036, Sucesso, Atualização bem-sucedida.
325035, 325038, Sucesso, Atualização bem-sucedida.
325035, 325045, Sucesso, Atualização bem-sucedida.
325035, 325050, Sucesso, Atualização bem-sucedida.
325035, 325052, Sucesso, Atualização bem-sucedida.
325064, 325065, Sucesso, Atualização bem-sucedida.
325064, 325066, Sucesso, Atualização bem-sucedida.
325064, 325067, Sucesso, Atualização bem-sucedida.
325064, 325069, Sucesso, Atualização bem-sucedida.
325226, 325230, Sucesso, Atualização bem-sucedida.
325226, 325232, Sucesso, Atualização bem-sucedida.
325226, 325236, Sucesso, Atualização bem-sucedida.
325226, 325240, Sucesso, Atualização bem-sucedida.
325271, 325273, Sucesso, Inserção bem-sucedida.
325271, 325277, Sucesso, Inserção bem-sucedida.
325271, 325279, Sucesso, Inserção bem-sucedida.
325271, 325281, Sucesso, Inserção bem-sucedida.
325308, 325311, Sucesso, Inserção bem-sucedida.
325308, 325317, Sucesso, Inserção bem-sucedida.
325308, 325324, Sucesso, Inserção bem-sucedida.
325308, 325325, Sucesso, Inserção bem-sucedida.
325471, 325506, Sucesso, Inserção bem-sucedida.
325471, 325513, Sucesso, Inserção bem-sucedida.
325471, 1447275, Sucesso, Inserção bem-sucedida.
326424, 326428, Sucesso, Inserção bem-sucedida.
326424, 326430, Sucesso, Inserção bem-sucedida.
326424, 326432, Sucesso, Inserção bem-sucedida.
326424, 892277, Sucesso, Inserção bem-sucedida.
326455, 326478, Sucesso, Inserção bem-sucedida.
326455, 326481, Sucesso, Inserção bem-sucedida.
326455, 326485, Sucesso, Inserção bem-sucedida.
326455, 326488, Sucesso, Inserção bem-sucedida.
326455, 892323, Sucesso, Inserção bem-sucedida.
326508, 326510, Sucesso, Inserção bem-sucedida.
326508, 326511, Sucesso, Inserção bem-sucedida.
326508, 326514, Sucesso, Inserção bem-sucedida.
326508, 326520, Sucesso, Inserção bem-sucedida.
326508, 892378, Sucesso, Inserção bem-sucedida.
326558, 326560, Sucesso, Inserção bem-sucedida.
326558, 326565, Sucesso, Inserção bem-sucedida.
326558, 326590, Sucesso, Inserção bem-sucedida.
326558, 326596, Sucesso, Inserção bem-sucedida.
326558, 892382, Sucesso, Inserção bem-sucedida.
326772, 326779, Sucesso, Inserção bem-sucedida.
326772, 326783, Sucesso, Inserção bem-sucedida.
326772, 326785, Sucesso, Inserção bem-sucedida.
326772, 326787, Sucesso, Inserção bem-sucedida.
326772, 892394, Sucesso, Inserção bem-sucedida.
330095, 330120, Sucesso, Inserção bem-sucedida.
330095, 330142, Sucesso, Inserção bem-sucedida.
331299, 331308, Sucesso, Inserção bem-sucedida.
331299, 331315, Sucesso, Inserção bem-sucedida.
331299, 331318, Sucesso, Inserção bem-sucedida.
331299, 331320, Sucesso, Inserção bem-sucedida.
331299, 331322, Sucesso, Inserção bem-sucedida.
331299, 687905, Sucesso, Inserção bem-sucedida.
331299, 2996134, Sucesso, Inserção bem-sucedida.
331299, 3291065, Sucesso, Inserção bem-sucedida.
344856, 344867, Sucesso, Inserção bem-sucedida.
344856, 344872, Sucesso, Inserção bem-sucedida.
344856, 344876, Sucesso, Inserção bem-sucedida.
344856, 344879, Sucesso, Inserção bem-sucedida.
344856, 1630119, Sucesso, Inserção bem-sucedida.
344926, 344933, Sucesso, Inserção bem-sucedida.
344926, 344941, Sucesso, Inserção bem-sucedida.
344926, 344951, Sucesso, Inserção bem-sucedida.
344926, 1630077, Sucesso, Inserção bem-sucedida.
345007, 345011, Sucesso, Inserção bem-sucedida.
345007, 345015, Sucesso, Inserção bem-sucedida.
345007, 345021, Sucesso, Inserção bem-sucedida.
345007, 7138893, Sucesso, Inserção bem-sucedida.
345061, 345063, Sucesso, Inserção bem-sucedida.
345061, 345067, Sucesso, Inserção bem-sucedida.
345061, 3850237, Sucesso, Inserção bem-sucedida.
345061, 7137156, Sucesso, Inserção bem-sucedida.
345096, 345102, Sucesso, Inserção bem-sucedida.
345096, 345133, Sucesso, Inserção bem-sucedida.
345096, 345140, Sucesso, Inserção bem-sucedida.
345096, 3850237, Sucesso, Atualização bem-sucedida.
345203, 345206, Sucesso, Inserção bem-sucedida.
345203, 345209, Sucesso, Inserção bem-sucedida.
345203, 3850237, Sucesso, Atualização bem-sucedida.
345203, 7138298, Sucesso, Inserção bem-sucedida.
345242, 345246, Sucesso, Inserção bem-sucedida.
345242, 345249, Sucesso, Inserção bem-sucedida.
345242, 345253, Sucesso, Inserção bem-sucedida.
345242, 3850237, Sucesso, Atualização bem-sucedida.
345242, 7138336, Sucesso, Inserção bem-sucedida.
345276, 345277, Sucesso, Inserção bem-sucedida.
357198, 357322, Sucesso, Inserção bem-sucedida.
357198, 2504390, Sucesso, Inserção bem-sucedida.
357243, 316467, Sucesso, Inserção bem-sucedida.
357243, 357300, Sucesso, Inserção bem-sucedida.
357243, 357351, Sucesso, Inserção bem-sucedida.
357243, 3457156, Sucesso, Inserção bem-sucedida.
358125, 358200, Sucesso, Inserção bem-sucedida.
358125, 3457156, Sucesso, Atualização bem-sucedida.
358125, 4892916, Sucesso, Inserção bem-sucedida.
358387, 358468, Sucesso, Inserção bem-sucedida.
358815, 358864, Sucesso, Inserção bem-sucedida.
358815, 358905, Sucesso, Inserção bem-sucedida.
358815, 358965, Sucesso, Inserção bem-sucedida.
358815, 3457156, Sucesso, Atualização bem-sucedida.
358815, 4892918, Sucesso, Inserção bem-sucedida.
359088, 359136, Sucesso, Inserção bem-sucedida.
359088, 2504398, Sucesso, Inserção bem-sucedida.
359488, 359665, Sucesso, Inserção bem-sucedida.
359488, 2504386, Sucesso, Inserção bem-sucedida.
360168, 360354, Sucesso, Inserção bem-sucedida.
360168, 360408, Sucesso, Inserção bem-sucedida.
360168, 2504399, Sucesso, Inserção bem-sucedida.
360238, 360301, Sucesso, Inserção bem-sucedida.
360238, 360340, Sucesso, Inserção bem-sucedida.
360238, 3457156, Sucesso, Atualização bem-sucedida.
360238, 4892919, Sucesso, Inserção bem-sucedida.
361000, 361065, Sucesso, Inserção bem-sucedida.
361000, 361138, Sucesso, Inserção bem-sucedida.
361000, 3457156, Sucesso, Atualização bem-sucedida.
361000, 4892920, Sucesso, Inserção bem-sucedida.
362899, 324281, Sucesso, Inserção bem-sucedida.
362899, 362910, Sucesso, Inserção bem-sucedida.
362899, 362914, Sucesso, Inserção bem-sucedida.
362899, 2580471, Sucesso, Inserção bem-sucedida.
362934, 362935, Sucesso, Inserção bem-sucedida.
362934, 362938, Sucesso, Inserção bem-sucedida.
362934, 1707696, Sucesso, Inserção bem-sucedida.
362934, 2580471, Sucesso, Atualização bem-sucedida.
362955, 362956, Sucesso, Inserção bem-sucedida.
362955, 362957, Sucesso, Inserção bem-sucedida.
362955, 1707690, Sucesso, Inserção bem-sucedida.
362955, 2580471, Sucesso, Atualização bem-sucedida.
362959, 362962, Sucesso, Inserção bem-sucedida.
362959, 362964, Sucesso, Inserção bem-sucedida.
362959, 1707757, Sucesso, Inserção bem-sucedida.
362959, 2580471, Sucesso, Atualização bem-sucedida.
362969, 362971, Sucesso, Inserção bem-sucedida.
362969, 362978, Sucesso, Inserção bem-sucedida.
362969, 1707705, Sucesso, Inserção bem-sucedida.
362969, 2580471, Sucesso, Atualização bem-sucedida.
364319, 364756, Sucesso, Inserção bem-sucedida.
364319, 2036236, Sucesso, Inserção bem-sucedida.
364319, 2036237, Sucesso, Inserção bem-sucedida.
364319, 2036239, Sucesso, Inserção bem-sucedida.
364319, 2976524, Sucesso, Inserção bem-sucedida.
364319, 3494648, Sucesso, Inserção bem-sucedida.
365076, 306474, Sucesso, Inserção bem-sucedida.
365076, 1643161, Sucesso, Inserção bem-sucedida.
365076, 1643162, Sucesso, Inserção bem-sucedida.
365076, 1643163, Sucesso, Inserção bem-sucedida.
365076, 1643164, Sucesso, Inserção bem-sucedida.
365076, 1643638, Sucesso, Inserção bem-sucedida.
365076, 3668356, Sucesso, Inserção bem-sucedida.
365225, 304842, Sucesso, Inserção bem-sucedida.
365225, 1643177, Sucesso, Inserção bem-sucedida.
365225, 1643178, Sucesso, Inserção bem-sucedida.
365225, 1643179, Sucesso, Inserção bem-sucedida.
365225, 1643181, Sucesso, Inserção bem-sucedida.
365225, 3668356, Sucesso, Atualização bem-sucedida.
365257, 365261, Sucesso, Inserção bem-sucedida.
365257, 2036183, Sucesso, Inserção bem-sucedida.
365257, 2036184, Sucesso, Inserção bem-sucedida.
365257, 2036185, Sucesso, Inserção bem-sucedida.
365257, 2976531, Sucesso, Inserção bem-sucedida.
365257, 3494648, Sucesso, Atualização bem-sucedida.
365338, 304834, Sucesso, Inserção bem-sucedida.
365338, 1643167, Sucesso, Inserção bem-sucedida.
365338, 1643168, Sucesso, Inserção bem-sucedida.
365338, 1643170, Sucesso, Inserção bem-sucedida.
365338, 1643171, Sucesso, Inserção bem-sucedida.
365338, 3668356, Sucesso, Atualização bem-sucedida.
365349, 365350, Sucesso, Inserção bem-sucedida.
365349, 2036189, Sucesso, Inserção bem-sucedida.
365349, 2036192, Sucesso, Inserção bem-sucedida.
365349, 2036193, Sucesso, Inserção bem-sucedida.
365349, 2976541, Sucesso, Inserção bem-sucedida.
365349, 3494648, Sucesso, Atualização bem-sucedida.
365362, 304829, Sucesso, Inserção bem-sucedida.
365362, 1643183, Sucesso, Inserção bem-sucedida.
365362, 1643184, Sucesso, Inserção bem-sucedida.
365362, 1643185, Sucesso, Inserção bem-sucedida.
365362, 1643186, Sucesso, Inserção bem-sucedida.
365362, 3668356, Sucesso, Atualização bem-sucedida.
365397, 304803, Sucesso, Inserção bem-sucedida.
365397, 1643154, Sucesso, Inserção bem-sucedida.
365397, 1643155, Sucesso, Inserção bem-sucedida.
365397, 1643156, Sucesso, Inserção bem-sucedida.
365397, 1643157, Sucesso, Inserção bem-sucedida.
365397, 3668356, Sucesso, Atualização bem-sucedida.
365426, 365432, Sucesso, Inserção bem-sucedida.
365426, 2036194, Sucesso, Inserção bem-sucedida.
365426, 2036195, Sucesso, Inserção bem-sucedida.
365426, 2036197, Sucesso, Inserção bem-sucedida.
365426, 2976549, Sucesso, Inserção bem-sucedida.
365426, 3494648, Sucesso, Atualização bem-sucedida.
365479, 304771, Sucesso, Inserção bem-sucedida.
365479, 1643172, Sucesso, Inserção bem-sucedida.
365479, 1643173, Sucesso, Inserção bem-sucedida.
365479, 1643174, Sucesso, Inserção bem-sucedida.
365479, 1643175, Sucesso, Inserção bem-sucedida.
365479, 3668356, Sucesso, Atualização bem-sucedida.
365503, 365519, Sucesso, Inserção bem-sucedida.
365503, 2036231, Sucesso, Inserção bem-sucedida.
365503, 2036232, Sucesso, Inserção bem-sucedida.
365503, 2036233, Sucesso, Inserção bem-sucedida.
365503, 2976555, Sucesso, Inserção bem-sucedida.
365503, 3494648, Sucesso, Atualização bem-sucedida.
365699, 365729, Sucesso, Inserção bem-sucedida.
365699, 3197729, Sucesso, Inserção bem-sucedida.
365699, 3258723, Sucesso, Inserção bem-sucedida.
365699, 3258724, Sucesso, Inserção bem-sucedida.
365709, 365717, Sucesso, Inserção bem-sucedida.
365709, 365726, Sucesso, Inserção bem-sucedida.
365709, 1702226, Sucesso, Inserção bem-sucedida.
366112, 366123, Sucesso, Inserção bem-sucedida.
366112, 366135, Sucesso, Inserção bem-sucedida.
366112, 5318799, Sucesso, Inserção bem-sucedida.
366179, 3197743, Sucesso, Inserção bem-sucedida.
366179, 3258727, Sucesso, Inserção bem-sucedida.
366223, 366227, Sucesso, Inserção bem-sucedida.
366223, 3197759, Sucesso, Inserção bem-sucedida.
366223, 3258830, Sucesso, Inserção bem-sucedida.
366223, 3258832, Sucesso, Inserção bem-sucedida.
366223, 3258833, Sucesso, Inserção bem-sucedida.
366360, 366376, Sucesso, Inserção bem-sucedida.
366360, 366387, Sucesso, Inserção bem-sucedida.
366360, 3197770, Sucesso, Inserção bem-sucedida.
366360, 3259153, Sucesso, Inserção bem-sucedida.
366360, 3259154, Sucesso, Inserção bem-sucedida.
366427, 366469, Sucesso, Inserção bem-sucedida.
366427, 366478, Sucesso, Inserção bem-sucedida.
366427, 366485, Sucesso, Inserção bem-sucedida.
366427, 366501, Sucesso, Inserção bem-sucedida.
366427, 3197777, Sucesso, Inserção bem-sucedida.
366457, 366466, Sucesso, Inserção bem-sucedida.
366457, 366480, Sucesso, Inserção bem-sucedida.
366457, 366492, Sucesso, Inserção bem-sucedida.
366457, 366499, Sucesso, Inserção bem-sucedida.
366537, 366546, Sucesso, Inserção bem-sucedida.
366537, 366560, Sucesso, Inserção bem-sucedida.
366537, 366566, Sucesso, Inserção bem-sucedida.
366537, 366577, Sucesso, Inserção bem-sucedida.
366537, 3197790, Sucesso, Inserção bem-sucedida.
366548, 366523, Sucesso, Inserção bem-sucedida.
366548, 366527, Sucesso, Inserção bem-sucedida.
366548, 366532, Sucesso, Inserção bem-sucedida.
366548, 366543, Sucesso, Inserção bem-sucedida.
366595, 366575, Sucesso, Inserção bem-sucedida.
366595, 366579, Sucesso, Inserção bem-sucedida.
366595, 366584, Sucesso, Inserção bem-sucedida.
366595, 366587, Sucesso, Inserção bem-sucedida.
366689, 366662, Sucesso, Inserção bem-sucedida.
366689, 366666, Sucesso, Inserção bem-sucedida.
366689, 366674, Sucesso, Inserção bem-sucedida.
366689, 366681, Sucesso, Inserção bem-sucedida.
366689, 366686, Sucesso, Inserção bem-sucedida.
366738, 366715, Sucesso, Inserção bem-sucedida.
366738, 366728, Sucesso, Inserção bem-sucedida.
366738, 366734, Sucesso, Inserção bem-sucedida.
366738, 366736, Sucesso, Inserção bem-sucedida.
366753, 366760, Sucesso, Inserção bem-sucedida.
366753, 366769, Sucesso, Inserção bem-sucedida.
366753, 366872, Sucesso, Inserção bem-sucedida.
366753, 366881, Sucesso, Inserção bem-sucedida.
366753, 378665, Sucesso, Inserção bem-sucedida.
366781, 366758, Sucesso, Inserção bem-sucedida.
366781, 366764, Sucesso, Inserção bem-sucedida.
366781, 366772, Sucesso, Inserção bem-sucedida.
366781, 366779, Sucesso, Inserção bem-sucedida.
366820, 366829, Sucesso, Inserção bem-sucedida.
366820, 366857, Sucesso, Inserção bem-sucedida.
366820, 366864, Sucesso, Inserção bem-sucedida.
366820, 366869, Sucesso, Inserção bem-sucedida.
366890, 366896, Sucesso, Inserção bem-sucedida.
366890, 366912, Sucesso, Inserção bem-sucedida.
366890, 366922, Sucesso, Inserção bem-sucedida.
366890, 3182152, Sucesso, Inserção bem-sucedida.
366923, 366932, Sucesso, Inserção bem-sucedida.
366923, 366940, Sucesso, Inserção bem-sucedida.
366923, 378720, Sucesso, Inserção bem-sucedida.
366927, 366961, Sucesso, Inserção bem-sucedida.
366927, 678829, Sucesso, Inserção bem-sucedida.
366927, 1310893, Sucesso, Inserção bem-sucedida.
366927, 4601379, Sucesso, Inserção bem-sucedida.
366950, 366934, Sucesso, Inserção bem-sucedida.
366950, 366939, Sucesso, Inserção bem-sucedida.
366950, 366946, Sucesso, Inserção bem-sucedida.
366950, 366949, Sucesso, Inserção bem-sucedida.
366968, 366971, Sucesso, Inserção bem-sucedida.
366968, 366980, Sucesso, Inserção bem-sucedida.
366968, 366984, Sucesso, Inserção bem-sucedida.
366968, 378684, Sucesso, Inserção bem-sucedida.
367004, 367010, Sucesso, Inserção bem-sucedida.
367004, 367015, Sucesso, Inserção bem-sucedida.
367004, 378676, Sucesso, Inserção bem-sucedida.
367047, 367052, Sucesso, Inserção bem-sucedida.
367047, 367067, Sucesso, Inserção bem-sucedida.
367047, 367082, Sucesso, Inserção bem-sucedida.
367047, 378671, Sucesso, Inserção bem-sucedida.
367108, 367111, Sucesso, Inserção bem-sucedida.
367108, 367136, Sucesso, Inserção bem-sucedida.
367108, 367141, Sucesso, Inserção bem-sucedida.
367108, 367145, Sucesso, Inserção bem-sucedida.
367108, 378667, Sucesso, Inserção bem-sucedida.
367162, 367164, Sucesso, Inserção bem-sucedida.
367162, 367168, Sucesso, Inserção bem-sucedida.
367162, 367170, Sucesso, Inserção bem-sucedida.
367162, 367173, Sucesso, Inserção bem-sucedida.
367162, 378663, Sucesso, Inserção bem-sucedida.
367395, 305483, Sucesso, Inserção bem-sucedida.
367395, 367398, Sucesso, Inserção bem-sucedida.
367395, 367400, Sucesso, Inserção bem-sucedida.
367397, 678828, Sucesso, Inserção bem-sucedida.
367397, 1310897, Sucesso, Inserção bem-sucedida.
367397, 4601356, Falha, cannot access local variable 'conexao' where it is not associated with a value
367397, 4601359, Sucesso, Inserção bem-sucedida.
369653, 369657, Sucesso, Inserção bem-sucedida.
369653, 369664, Sucesso, Inserção bem-sucedida.
369653, 369879, Sucesso, Inserção bem-sucedida.
369653, 369888, Sucesso, Inserção bem-sucedida.
369653, 4109999, Sucesso, Inserção bem-sucedida.
369723, 369773, Sucesso, Inserção bem-sucedida.
369723, 678831, Sucesso, Inserção bem-sucedida.
369723, 1310909, Sucesso, Inserção bem-sucedida.
369723, 4601383, Sucesso, Inserção bem-sucedida.
369835, 369919, Sucesso, Inserção bem-sucedida.
369835, 678833, Sucesso, Inserção bem-sucedida.
369835, 1310911, Sucesso, Inserção bem-sucedida.
369835, 4601345, Sucesso, Inserção bem-sucedida.
369878, 369887, Sucesso, Inserção bem-sucedida.
369878, 369893, Sucesso, Inserção bem-sucedida.
369878, 1302859, Sucesso, Inserção bem-sucedida.
369878, 1468110, Sucesso, Inserção bem-sucedida.
369878, 2252299, Sucesso, Inserção bem-sucedida.
369878, 2252300, Sucesso, Inserção bem-sucedida.
369878, 2252301, Sucesso, Inserção bem-sucedida.
369878, 2252343, Sucesso, Inserção bem-sucedida.
369911, 369914, Sucesso, Inserção bem-sucedida.
369911, 369917, Sucesso, Inserção bem-sucedida.
369911, 369922, Sucesso, Inserção bem-sucedida.
369911, 4109999, Sucesso, Atualização bem-sucedida.
369947, 369956, Sucesso, Inserção bem-sucedida.
369947, 369959, Sucesso, Inserção bem-sucedida.
369947, 369964, Sucesso, Inserção bem-sucedida.
369947, 369967, Sucesso, Inserção bem-sucedida.
369947, 4109999, Sucesso, Atualização bem-sucedida.
370102, 370105, Sucesso, Inserção bem-sucedida.
370102, 370108, Sucesso, Inserção bem-sucedida.
370102, 370112, Sucesso, Inserção bem-sucedida.
370102, 370116, Sucesso, Inserção bem-sucedida.
370102, 4109999, Sucesso, Atualização bem-sucedida.
370110, 370117, Sucesso, Inserção bem-sucedida.
370110, 370120, Sucesso, Inserção bem-sucedida.
370110, 370123, Sucesso, Inserção bem-sucedida.
370110, 1302869, Sucesso, Inserção bem-sucedida.
370110, 1468114, Sucesso, Inserção bem-sucedida.
370129, 370210, Sucesso, Inserção bem-sucedida.
370129, 370385, Sucesso, Inserção bem-sucedida.
370129, 370401, Sucesso, Inserção bem-sucedida.
370129, 370407, Sucesso, Inserção bem-sucedida.
370129, 4109999, Sucesso, Atualização bem-sucedida.
370133, 678834, Sucesso, Inserção bem-sucedida.
370133, 1310914, Sucesso, Inserção bem-sucedida.
370133, 4601381, Sucesso, Inserção bem-sucedida.
370133, 4601382, Sucesso, Inserção bem-sucedida.
370166, 370197, Sucesso, Inserção bem-sucedida.
370166, 678836, Sucesso, Inserção bem-sucedida.
370166, 1310918, Sucesso, Inserção bem-sucedida.
370166, 4601387, Sucesso, Inserção bem-sucedida.
370201, 370209, Sucesso, Inserção bem-sucedida.
370201, 370300, Sucesso, Inserção bem-sucedida.
370201, 1302872, Sucesso, Inserção bem-sucedida.
370201, 2252346, Sucesso, Inserção bem-sucedida.
370216, 370398, Sucesso, Inserção bem-sucedida.
370216, 678841, Sucesso, Inserção bem-sucedida.
370216, 1310924, Sucesso, Inserção bem-sucedida.
370216, 4601348, Sucesso, Inserção bem-sucedida.
370216, 4601350, Sucesso, Inserção bem-sucedida.
370437, 370441, Sucesso, Inserção bem-sucedida.
370437, 370448, Sucesso, Inserção bem-sucedida.
370437, 370454, Sucesso, Inserção bem-sucedida.
370437, 4109999, Sucesso, Atualização bem-sucedida.
370476, 2982365, Sucesso, Inserção bem-sucedida.
370476, 2982366, Sucesso, Inserção bem-sucedida.
370476, 2982368, Sucesso, Inserção bem-sucedida.
370476, 4109999, Sucesso, Atualização bem-sucedida.
370504, 370525, Sucesso, Inserção bem-sucedida.
370504, 678842, Sucesso, Inserção bem-sucedida.
370504, 1310926, Sucesso, Inserção bem-sucedida.
370504, 4601374, Sucesso, Inserção bem-sucedida.
370520, 370526, Sucesso, Inserção bem-sucedida.
370520, 370529, Sucesso, Inserção bem-sucedida.
370520, 370532, Sucesso, Inserção bem-sucedida.
370520, 370536, Sucesso, Inserção bem-sucedida.
370520, 4109999, Sucesso, Atualização bem-sucedida.
370556, 370559, Sucesso, Inserção bem-sucedida.
370556, 370562, Sucesso, Inserção bem-sucedida.
370556, 370572, Sucesso, Inserção bem-sucedida.
370556, 370579, Sucesso, Inserção bem-sucedida.
370556, 4109999, Sucesso, Atualização bem-sucedida.
370605, 370611, Sucesso, Inserção bem-sucedida.
370605, 370617, Sucesso, Inserção bem-sucedida.
370605, 370621, Sucesso, Inserção bem-sucedida.
370605, 4109999, Sucesso, Atualização bem-sucedida.
370655, 370657, Sucesso, Inserção bem-sucedida.
370655, 370662, Sucesso, Inserção bem-sucedida.
370655, 370665, Sucesso, Inserção bem-sucedida.
370655, 370672, Sucesso, Inserção bem-sucedida.
370655, 3774530, Sucesso, Inserção bem-sucedida.
370655, 4109999, Sucesso, Atualização bem-sucedida.
370694, 370701, Sucesso, Inserção bem-sucedida.
370694, 370703, Sucesso, Inserção bem-sucedida.
370694, 370707, Sucesso, Inserção bem-sucedida.
370694, 370715, Sucesso, Inserção bem-sucedida.
370694, 3774720, Sucesso, Inserção bem-sucedida.
370694, 4109999, Sucesso, Atualização bem-sucedida.
370700, 370724, Sucesso, Inserção bem-sucedida.
370700, 678843, Sucesso, Inserção bem-sucedida.
370700, 1310933, Sucesso, Inserção bem-sucedida.
370700, 4601364, Sucesso, Inserção bem-sucedida.
370700, 4601365, Sucesso, Inserção bem-sucedida.
370749, 370753, Sucesso, Inserção bem-sucedida.
370749, 370761, Sucesso, Inserção bem-sucedida.
370749, 370763, Sucesso, Inserção bem-sucedida.
370749, 4109999, Sucesso, Atualização bem-sucedida.
370765, 370800, Sucesso, Inserção bem-sucedida.
370765, 678844, Sucesso, Inserção bem-sucedida.
370765, 1310934, Sucesso, Inserção bem-sucedida.
370765, 4601386, Sucesso, Inserção bem-sucedida.
370796, 2982508, Sucesso, Inserção bem-sucedida.
370796, 2982509, Sucesso, Inserção bem-sucedida.
370796, 2982510, Sucesso, Inserção bem-sucedida.
370796, 4109999, Sucesso, Atualização bem-sucedida.
370819, 370841, Sucesso, Inserção bem-sucedida.
370819, 678845, Sucesso, Inserção bem-sucedida.
370819, 1310936, Sucesso, Inserção bem-sucedida.
370819, 4601376, Sucesso, Inserção bem-sucedida.
373310, 373312, Sucesso, Inserção bem-sucedida.
373310, 678847, Sucesso, Inserção bem-sucedida.
373310, 1310939, Sucesso, Inserção bem-sucedida.
373310, 4601347, Sucesso, Inserção bem-sucedida.
373314, 678848, Sucesso, Inserção bem-sucedida.
373314, 1311085, Sucesso, Inserção bem-sucedida.
373314, 4601368, Sucesso, Inserção bem-sucedida.
373314, 4601369, Sucesso, Inserção bem-sucedida.
373322, 373324, Sucesso, Inserção bem-sucedida.
373322, 678830, Sucesso, Inserção bem-sucedida.
373322, 1310889, Sucesso, Inserção bem-sucedida.
373322, 1348370, Sucesso, Inserção bem-sucedida.
373322, 4601355, Sucesso, Inserção bem-sucedida.
375638, 375900, Sucesso, Inserção bem-sucedida.
375638, 376205, Sucesso, Inserção bem-sucedida.
375638, 376307, Sucesso, Inserção bem-sucedida.
375638, 376396, Sucesso, Inserção bem-sucedida.
375638, 3193991, Sucesso, Inserção bem-sucedida.
377283, 377328, Sucesso, Inserção bem-sucedida.
377283, 377383, Sucesso, Inserção bem-sucedida.
377283, 377448, Sucesso, Inserção bem-sucedida.
377283, 377508, Sucesso, Inserção bem-sucedida.
377283, 3193983, Sucesso, Inserção bem-sucedida.
377828, 377833, Sucesso, Inserção bem-sucedida.
377828, 2982956, Sucesso, Inserção bem-sucedida.
377828, 2982958, Sucesso, Inserção bem-sucedida.
377828, 2982960, Sucesso, Inserção bem-sucedida.
377828, 3774621, Sucesso, Inserção bem-sucedida.
377828, 3774772, Sucesso, Inserção bem-sucedida.
377828, 4109999, Sucesso, Atualização bem-sucedida.
377830, 377835, Sucesso, Inserção bem-sucedida.
377830, 377839, Sucesso, Inserção bem-sucedida.
377830, 377852, Sucesso, Inserção bem-sucedida.
377830, 377855, Sucesso, Inserção bem-sucedida.
377830, 3193972, Sucesso, Inserção bem-sucedida.
377867, 377940, Sucesso, Inserção bem-sucedida.
377867, 678846, Sucesso, Inserção bem-sucedida.
377867, 1311094, Sucesso, Inserção bem-sucedida.
377867, 4601366, Sucesso, Inserção bem-sucedida.
377885, 377890, Sucesso, Inserção bem-sucedida.
377885, 377894, Sucesso, Inserção bem-sucedida.
377885, 377898, Sucesso, Inserção bem-sucedida.
377885, 377905, Sucesso, Inserção bem-sucedida.
377885, 377925, Sucesso, Inserção bem-sucedida.
377885, 3774712, Sucesso, Inserção bem-sucedida.
377885, 4109999, Sucesso, Atualização bem-sucedida.
378069, 378076, Sucesso, Inserção bem-sucedida.
378069, 378083, Sucesso, Inserção bem-sucedida.
378069, 378086, Sucesso, Inserção bem-sucedida.
378069, 378095, Sucesso, Inserção bem-sucedida.
378069, 3774515, Sucesso, Inserção bem-sucedida.
378069, 4109999, Sucesso, Atualização bem-sucedida.
378134, 378141, Sucesso, Inserção bem-sucedida.
378134, 378143, Sucesso, Inserção bem-sucedida.
378134, 378149, Sucesso, Inserção bem-sucedida.
378134, 3774830, Sucesso, Inserção bem-sucedida.
378134, 4109999, Sucesso, Atualização bem-sucedida.
378151, 378163, Sucesso, Inserção bem-sucedida.
378151, 378174, Sucesso, Inserção bem-sucedida.
378151, 1433777, Sucesso, Inserção bem-sucedida.
378151, 3115908, Sucesso, Inserção bem-sucedida.
378151, 5020019, Sucesso, Inserção bem-sucedida.
378255, 378262, Sucesso, Inserção bem-sucedida.
378255, 378269, Sucesso, Inserção bem-sucedida.
378255, 3774547, Sucesso, Inserção bem-sucedida.
378255, 4109999, Sucesso, Atualização bem-sucedida.
378283, 378302, Sucesso, Inserção bem-sucedida.
378283, 1433781, Sucesso, Inserção bem-sucedida.
378283, 3115915, Sucesso, Inserção bem-sucedida.
378283, 5143196, Sucesso, Inserção bem-sucedida.
378350, 318342, Sucesso, Inserção bem-sucedida.
378350, 378608, Sucesso, Inserção bem-sucedida.
378350, 378627, Sucesso, Inserção bem-sucedida.
378350, 378637, Sucesso, Inserção bem-sucedida.
378350, 378643, Sucesso, Inserção bem-sucedida.
378350, 3009094, Sucesso, Inserção bem-sucedida.
378378, 378382, Sucesso, Inserção bem-sucedida.
378378, 378387, Sucesso, Inserção bem-sucedida.
378378, 1433814, Sucesso, Inserção bem-sucedida.
378378, 3115913, Sucesso, Inserção bem-sucedida.
378378, 5020062, Sucesso, Inserção bem-sucedida.
378380, 378385, Sucesso, Inserção bem-sucedida.
378380, 378390, Sucesso, Inserção bem-sucedida.
378380, 378395, Sucesso, Inserção bem-sucedida.
378380, 3774826, Sucesso, Inserção bem-sucedida.
378386, 378321, Sucesso, Inserção bem-sucedida.
378386, 378334, Sucesso, Inserção bem-sucedida.
378386, 378346, Sucesso, Inserção bem-sucedida.
378386, 378366, Sucesso, Inserção bem-sucedida.
378613, 378624, Sucesso, Inserção bem-sucedida.
378613, 378628, Sucesso, Inserção bem-sucedida.
378613, 378636, Sucesso, Inserção bem-sucedida.
378613, 3774601, Sucesso, Inserção bem-sucedida.
378613, 3774820, Sucesso, Inserção bem-sucedida.
378613, 4109999, Sucesso, Atualização bem-sucedida.
378653, 378666, Sucesso, Inserção bem-sucedida.
378653, 1653757, Sucesso, Inserção bem-sucedida.
378653, 2817914, Sucesso, Inserção bem-sucedida.
378653, 4402418, Sucesso, Inserção bem-sucedida.
378662, 378674, Sucesso, Inserção bem-sucedida.
378662, 378679, Sucesso, Inserção bem-sucedida.
378662, 378688, Sucesso, Inserção bem-sucedida.
378662, 378694, Sucesso, Inserção bem-sucedida.
378662, 378698, Sucesso, Inserção bem-sucedida.
378662, 3774816, Sucesso, Inserção bem-sucedida.
378662, 4109999, Sucesso, Atualização bem-sucedida.
378704, 378717, Sucesso, Inserção bem-sucedida.
378704, 1653759, Sucesso, Inserção bem-sucedida.
378704, 2817914, Sucesso, Atualização bem-sucedida.
378704, 4402419, Sucesso, Inserção bem-sucedida.
378706, 378723, Sucesso, Inserção bem-sucedida.
378706, 378743, Sucesso, Inserção bem-sucedida.
378706, 378755, Sucesso, Inserção bem-sucedida.
378706, 1425562, Sucesso, Inserção bem-sucedida.
378706, 3009094, Sucesso, Atualização bem-sucedida.
378726, 378733, Sucesso, Inserção bem-sucedida.
378726, 378738, Sucesso, Inserção bem-sucedida.
378726, 378745, Sucesso, Inserção bem-sucedida.
378726, 378754, Sucesso, Inserção bem-sucedida.
378726, 4109999, Sucesso, Atualização bem-sucedida.
378751, 378777, Sucesso, Inserção bem-sucedida.
378751, 1653769, Sucesso, Inserção bem-sucedida.
378751, 2817914, Sucesso, Atualização bem-sucedida.
378751, 4402424, Sucesso, Inserção bem-sucedida.
378786, 378790, Sucesso, Inserção bem-sucedida.
378786, 378799, Sucesso, Inserção bem-sucedida.
378786, 378803, Sucesso, Inserção bem-sucedida.
378786, 3774531, Sucesso, Inserção bem-sucedida.
378786, 4109999, Sucesso, Atualização bem-sucedida.
378822, 378831, Sucesso, Inserção bem-sucedida.
378822, 1653771, Sucesso, Inserção bem-sucedida.
378822, 2817914, Sucesso, Atualização bem-sucedida.
378822, 4402427, Sucesso, Inserção bem-sucedida.
378840, 378855, Sucesso, Inserção bem-sucedida.
378840, 378864, Sucesso, Inserção bem-sucedida.
378840, 378908, Sucesso, Inserção bem-sucedida.
378840, 1425586, Sucesso, Inserção bem-sucedida.
378840, 3009094, Sucesso, Atualização bem-sucedida.
378851, 378858, Sucesso, Inserção bem-sucedida.
378851, 378866, Sucesso, Inserção bem-sucedida.
378851, 378873, Sucesso, Inserção bem-sucedida.
378851, 378882, Sucesso, Inserção bem-sucedida.
378851, 378892, Sucesso, Inserção bem-sucedida.
378851, 3774716, Sucesso, Inserção bem-sucedida.
378851, 4109999, Sucesso, Atualização bem-sucedida.
378929, 378939, Sucesso, Inserção bem-sucedida.
378929, 378948, Sucesso, Inserção bem-sucedida.
378929, 378960, Sucesso, Inserção bem-sucedida.
378929, 3774766, Sucesso, Inserção bem-sucedida.
378929, 4109999, Sucesso, Atualização bem-sucedida.
378985, 379021, Sucesso, Inserção bem-sucedida.
378985, 1653779, Sucesso, Inserção bem-sucedida.
378985, 2817914, Sucesso, Atualização bem-sucedida.
378985, 4402429, Sucesso, Inserção bem-sucedida.
378985, 4402430, Sucesso, Inserção bem-sucedida.
379009, 379023, Sucesso, Inserção bem-sucedida.
379009, 379056, Sucesso, Inserção bem-sucedida.
379009, 379074, Sucesso, Inserção bem-sucedida.
379009, 379083, Sucesso, Inserção bem-sucedida.
379009, 1425636, Sucesso, Inserção bem-sucedida.
379009, 3009094, Sucesso, Atualização bem-sucedida.
379026, 379028, Sucesso, Inserção bem-sucedida.
379026, 379090, Sucesso, Inserção bem-sucedida.
379026, 3774550, Sucesso, Inserção bem-sucedida.
379026, 4109999, Sucesso, Atualização bem-sucedida.
379102, 379120, Sucesso, Inserção bem-sucedida.
379102, 1653784, Sucesso, Inserção bem-sucedida.
379102, 2817914, Sucesso, Atualização bem-sucedida.
379102, 4402431, Sucesso, Inserção bem-sucedida.
379156, 379175, Sucesso, Inserção bem-sucedida.
379156, 379180, Sucesso, Inserção bem-sucedida.
379156, 379187, Sucesso, Inserção bem-sucedida.
379156, 379199, Sucesso, Inserção bem-sucedida.
379156, 3774514, Sucesso, Inserção bem-sucedida.
379156, 4109999, Sucesso, Atualização bem-sucedida.
379181, 379204, Sucesso, Inserção bem-sucedida.
379181, 1653788, Sucesso, Inserção bem-sucedida.
379181, 2817914, Sucesso, Atualização bem-sucedida.
379181, 4402434, Sucesso, Inserção bem-sucedida.
379203, 379246, Sucesso, Inserção bem-sucedida.
379203, 379316, Sucesso, Inserção bem-sucedida.
379203, 379327, Sucesso, Inserção bem-sucedida.
379203, 379341, Sucesso, Inserção bem-sucedida.
379203, 379355, Sucesso, Inserção bem-sucedida.
379203, 379374, Sucesso, Inserção bem-sucedida.
379203, 379393, Sucesso, Inserção bem-sucedida.
379203, 379399, Sucesso, Inserção bem-sucedida.
379203, 1425591, Sucesso, Inserção bem-sucedida.
379203, 3009094, Sucesso, Atualização bem-sucedida.
379239, 379317, Sucesso, Inserção bem-sucedida.
379239, 379322, Sucesso, Inserção bem-sucedida.
379239, 379335, Sucesso, Inserção bem-sucedida.
379239, 379345, Sucesso, Inserção bem-sucedida.
379239, 4109999, Sucesso, Atualização bem-sucedida.
379280, 379300, Sucesso, Inserção bem-sucedida.
379280, 1653722, Sucesso, Inserção bem-sucedida.
379280, 2817914, Sucesso, Atualização bem-sucedida.
379280, 4402436, Sucesso, Inserção bem-sucedida.
379406, 379413, Sucesso, Inserção bem-sucedida.
379406, 379418, Sucesso, Inserção bem-sucedida.
379406, 379426, Sucesso, Inserção bem-sucedida.
379406, 379439, Sucesso, Inserção bem-sucedida.
379406, 3774630, Sucesso, Inserção bem-sucedida.
379406, 3774769, Sucesso, Inserção bem-sucedida.
379406, 4109999, Sucesso, Atualização bem-sucedida.
379479, 379488, Sucesso, Inserção bem-sucedida.
379479, 379498, Sucesso, Inserção bem-sucedida.
379479, 3774511, Sucesso, Inserção bem-sucedida.
379479, 4109999, Sucesso, Atualização bem-sucedida.
379489, 379509, Sucesso, Inserção bem-sucedida.
379489, 1653730, Sucesso, Inserção bem-sucedida.
379489, 2817914, Sucesso, Atualização bem-sucedida.
379489, 4402437, Sucesso, Inserção bem-sucedida.
379489, 4402438, Sucesso, Inserção bem-sucedida.
379545, 379558, Sucesso, Inserção bem-sucedida.
379545, 379567, Sucesso, Inserção bem-sucedida.
379545, 379572, Sucesso, Inserção bem-sucedida.
379545, 379582, Sucesso, Inserção bem-sucedida.
379545, 379588, Sucesso, Inserção bem-sucedida.
379545, 3774616, Sucesso, Inserção bem-sucedida.
379545, 3774814, Sucesso, Inserção bem-sucedida.
379545, 4109999, Sucesso, Atualização bem-sucedida.
379551, 379574, Sucesso, Inserção bem-sucedida.
379551, 1653747, Sucesso, Inserção bem-sucedida.
379551, 2817914, Sucesso, Atualização bem-sucedida.
379551, 4402440, Sucesso, Inserção bem-sucedida.
379612, 379615, Sucesso, Inserção bem-sucedida.
379612, 379621, Sucesso, Inserção bem-sucedida.
379612, 379624, Sucesso, Inserção bem-sucedida.
379612, 3774519, Sucesso, Inserção bem-sucedida.
379612, 4109999, Sucesso, Atualização bem-sucedida.
379654, 379660, Sucesso, Inserção bem-sucedida.
379654, 379666, Sucesso, Inserção bem-sucedida.
379654, 3774502, Sucesso, Inserção bem-sucedida.
379654, 4109999, Sucesso, Atualização bem-sucedida.
379848, 308692, Sucesso, Inserção bem-sucedida.
379848, 379901, Sucesso, Inserção bem-sucedida.
379848, 2055263, Sucesso, Inserção bem-sucedida.
379848, 2055266, Sucesso, Inserção bem-sucedida.
379848, 2055267, Sucesso, Inserção bem-sucedida.
379941, 308699, Sucesso, Inserção bem-sucedida.
379941, 379946, Sucesso, Inserção bem-sucedida.
379941, 2055271, Sucesso, Inserção bem-sucedida.
379941, 2055273, Sucesso, Inserção bem-sucedida.
379941, 2055275, Sucesso, Inserção bem-sucedida.
379953, 308702, Sucesso, Inserção bem-sucedida.
379953, 379956, Sucesso, Inserção bem-sucedida.
379953, 2055278, Sucesso, Inserção bem-sucedida.
379953, 2055280, Sucesso, Inserção bem-sucedida.
379953, 2055283, Sucesso, Inserção bem-sucedida.
379958, 308707, Sucesso, Inserção bem-sucedida.
379958, 379959, Sucesso, Inserção bem-sucedida.
379958, 2055287, Sucesso, Inserção bem-sucedida.
379958, 2055288, Sucesso, Inserção bem-sucedida.
379962, 308711, Sucesso, Inserção bem-sucedida.
379962, 379963, Sucesso, Inserção bem-sucedida.
379962, 2055294, Sucesso, Inserção bem-sucedida.
379962, 2055295, Sucesso, Inserção bem-sucedida.
379964, 308714, Sucesso, Inserção bem-sucedida.
379964, 379965, Sucesso, Inserção bem-sucedida.
379964, 2055298, Sucesso, Inserção bem-sucedida.
379964, 2055299, Sucesso, Inserção bem-sucedida.
379964, 2055300, Sucesso, Inserção bem-sucedida.
379968, 380126, Sucesso, Inserção bem-sucedida.
379968, 380135, Sucesso, Inserção bem-sucedida.
379968, 2706507, Sucesso, Inserção bem-sucedida.
380006, 380010, Sucesso, Inserção bem-sucedida.
380006, 380012, Sucesso, Inserção bem-sucedida.
380006, 380015, Sucesso, Inserção bem-sucedida.
380006, 1302877, Sucesso, Inserção bem-sucedida.
380006, 1468122, Sucesso, Inserção bem-sucedida.
380033, 380035, Sucesso, Inserção bem-sucedida.
380033, 380036, Sucesso, Inserção bem-sucedida.
380033, 380040, Sucesso, Inserção bem-sucedida.
380033, 1302882, Sucesso, Inserção bem-sucedida.
380033, 1468125, Sucesso, Inserção bem-sucedida.
380103, 380108, Sucesso, Inserção bem-sucedida.
380103, 380113, Sucesso, Inserção bem-sucedida.
380103, 380116, Sucesso, Inserção bem-sucedida.
380103, 1302890, Sucesso, Inserção bem-sucedida.
380103, 1468128, Sucesso, Inserção bem-sucedida.
380115, 380121, Sucesso, Inserção bem-sucedida.
380115, 380125, Sucesso, Inserção bem-sucedida.
380115, 380130, Sucesso, Inserção bem-sucedida.
380115, 380136, Sucesso, Inserção bem-sucedida.
380115, 3774536, Sucesso, Inserção bem-sucedida.
380115, 4109999, Sucesso, Atualização bem-sucedida.
380141, 380143, Sucesso, Inserção bem-sucedida.
380141, 380147, Sucesso, Inserção bem-sucedida.
380141, 380155, Sucesso, Inserção bem-sucedida.
380141, 380169, Sucesso, Inserção bem-sucedida.
380141, 3774725, Sucesso, Inserção bem-sucedida.
380141, 3774835, Sucesso, Inserção bem-sucedida.
380141, 4109999, Sucesso, Atualização bem-sucedida.
380170, 380176, Sucesso, Inserção bem-sucedida.
380170, 380179, Sucesso, Inserção bem-sucedida.
380170, 2706507, Sucesso, Atualização bem-sucedida.
380189, 380195, Sucesso, Inserção bem-sucedida.
380189, 380199, Sucesso, Inserção bem-sucedida.
380189, 380206, Sucesso, Inserção bem-sucedida.
380189, 380211, Sucesso, Inserção bem-sucedida.
380189, 3774732, Sucesso, Inserção bem-sucedida.
380189, 4109999, Sucesso, Atualização bem-sucedida.
380190, 380196, Sucesso, Inserção bem-sucedida.
380190, 380207, Sucesso, Inserção bem-sucedida.
380190, 380210, Sucesso, Inserção bem-sucedida.
380190, 380216, Sucesso, Inserção bem-sucedida.
380190, 1302898, Sucesso, Inserção bem-sucedida.
380190, 1468130, Sucesso, Inserção bem-sucedida.
380202, 380209, Sucesso, Inserção bem-sucedida.
380202, 380220, Sucesso, Inserção bem-sucedida.
380202, 2706507, Sucesso, Atualização bem-sucedida.
380244, 380246, Sucesso, Inserção bem-sucedida.
380244, 380253, Sucesso, Inserção bem-sucedida.
380244, 3774806, Sucesso, Inserção bem-sucedida.
380244, 4109999, Sucesso, Atualização bem-sucedida.
380256, 380261, Sucesso, Inserção bem-sucedida.
380256, 2706507, Sucesso, Atualização bem-sucedida.
380273, 380280, Sucesso, Inserção bem-sucedida.
380273, 380290, Sucesso, Inserção bem-sucedida.
380273, 380298, Sucesso, Inserção bem-sucedida.
380273, 3774728, Sucesso, Inserção bem-sucedida.
380273, 4109999, Sucesso, Atualização bem-sucedida.
380314, 380316, Sucesso, Inserção bem-sucedida.
380314, 380324, Sucesso, Inserção bem-sucedida.
380314, 380328, Sucesso, Inserção bem-sucedida.
380314, 380333, Sucesso, Inserção bem-sucedida.
380314, 1302916, Sucesso, Inserção bem-sucedida.
380314, 1468132, Sucesso, Inserção bem-sucedida.
380315, 380326, Sucesso, Inserção bem-sucedida.
380315, 2706507, Sucesso, Atualização bem-sucedida.
380363, 380367, Sucesso, Inserção bem-sucedida.
380363, 380371, Sucesso, Inserção bem-sucedida.
380363, 2706507, Sucesso, Atualização bem-sucedida.
380424, 380429, Sucesso, Inserção bem-sucedida.
380424, 380434, Sucesso, Inserção bem-sucedida.
380424, 2706507, Sucesso, Atualização bem-sucedida.
380436, 380537, Sucesso, Inserção bem-sucedida.
380436, 380545, Sucesso, Inserção bem-sucedida.
380436, 1302921, Sucesso, Inserção bem-sucedida.
380436, 1468136, Sucesso, Inserção bem-sucedida.
380436, 2252349, Sucesso, Inserção bem-sucedida.
380454, 380458, Sucesso, Inserção bem-sucedida.
380454, 380689, Sucesso, Inserção bem-sucedida.
380454, 2706507, Sucesso, Atualização bem-sucedida.
380658, 380664, Sucesso, Inserção bem-sucedida.
380658, 380669, Sucesso, Inserção bem-sucedida.
380658, 380674, Sucesso, Inserção bem-sucedida.
380658, 380685, Sucesso, Inserção bem-sucedida.
380658, 4109999, Sucesso, Atualização bem-sucedida.
380754, 380775, Sucesso, Inserção bem-sucedida.
380754, 380786, Sucesso, Inserção bem-sucedida.
380754, 380795, Sucesso, Inserção bem-sucedida.
380754, 380801, Sucesso, Inserção bem-sucedida.
380754, 1302924, Sucesso, Inserção bem-sucedida.
380754, 1468138, Sucesso, Inserção bem-sucedida.
